  [1m[35m (1.8ms)[0m  [1m[34mSELECT sqlite_version(*)[0m
  [1m[35m (6.7ms)[0m  [1m[35mCREATE TABLE "schema_migrations" ("version" varchar NOT NULL PRIMARY KEY)[0m
  [1m[35m (1.1ms)[0m  [1m[35mCREATE TABLE "ar_internal_metadata" ("key" varchar NOT NULL PRIMARY KEY, "value" varchar, "created_at" datetime NOT NULL, "updated_at" datetime NOT NULL)[0m
  [1m[35m (0.2ms)[0m  [1m[34mSELECT "schema_migrations"."version" FROM "schema_migrations" ORDER BY "schema_migrations"."version" ASC[0m
Migrating to CreatePosts (20171008043058)
  [1m[35m (0.1ms)[0m  [1m[36mbegin transaction[0m
  [1m[35m (0.7ms)[0m  [1m[35mCREATE TABLE "posts" ("id" INTEGER PRIMARY KEY AUTOINCREMENT NOT NULL, "caption" varchar, "created_at" datetime NOT NULL, "updated_at" datetime NOT NULL)[0m
  [1m[35mSQL (0.2ms)[0m  [1m[32mINSERT INTO "schema_migrations" ("version") VALUES (?)[0m  [["version", "20171008043058"]]
  [1m[35m (1.3ms)[0m  [1m[36mcommit transaction[0m
  [1m[36mActiveRecord::InternalMetadata Load (0.2ms)[0m  [1m[34mSELECT  "ar_internal_metadata".* FROM "ar_internal_metadata" WHERE "ar_internal_metadata"."key" = ? LIMIT ?[0m  [["key", "environment"], ["LIMIT", 1]]
  [1m[35m (0.1ms)[0m  [1m[36mbegin transaction[0m
  [1m[35mSQL (0.8ms)[0m  [1m[32mINSERT INTO "ar_internal_metadata" ("key", "value", "created_at", "updated_at") VALUES (?, ?, ?, ?)[0m  [["key", "environment"], ["value", "development"], ["created_at", "2017-10-08 04:31:10.748930"], ["updated_at", "2017-10-08 04:31:10.748930"]]
  [1m[35m (0.8ms)[0m  [1m[36mcommit transaction[0m
  [1m[35m (0.1ms)[0m  [1m[34mSELECT "schema_migrations"."version" FROM "schema_migrations" ORDER BY "schema_migrations"."version" ASC[0m
  [1m[35m (0.5ms)[0m  [1m[34mSELECT "schema_migrations"."version" FROM "schema_migrations" ORDER BY "schema_migrations"."version" ASC[0m
Migrating to AddAttachmentImageToPosts (20171008043357)
  [1m[35m (0.3ms)[0m  [1m[34mSELECT "schema_migrations"."version" FROM "schema_migrations" ORDER BY "schema_migrations"."version" ASC[0m
Migrating to AddAttachmentImageToPosts (20171008043357)
  [1m[35m (0.2ms)[0m  [1m[34mSELECT "schema_migrations"."version" FROM "schema_migrations" ORDER BY "schema_migrations"."version" ASC[0m
Migrating to AddAttachmentImageToPosts (20171008043357)
  [1m[35m (0.1ms)[0m  [1m[36mbegin transaction[0m
  [1m[35m (2.9ms)[0m  [1m[35mALTER TABLE "posts" ADD "image_file_name" varchar[0m
  [1m[35m (0.3ms)[0m  [1m[35mALTER TABLE "posts" ADD "image_content_type" varchar[0m
  [1m[35m (0.2ms)[0m  [1m[35mALTER TABLE "posts" ADD "image_file_size" integer[0m
  [1m[35m (0.1ms)[0m  [1m[35mALTER TABLE "posts" ADD "image_updated_at" datetime[0m
  [1m[35mSQL (0.9ms)[0m  [1m[32mINSERT INTO "schema_migrations" ("version") VALUES (?)[0m  [["version", "20171008043357"]]
  [1m[35m (1.2ms)[0m  [1m[36mcommit transaction[0m
  [1m[36mActiveRecord::InternalMetadata Load (0.4ms)[0m  [1m[34mSELECT  "ar_internal_metadata".* FROM "ar_internal_metadata" WHERE "ar_internal_metadata"."key" = ? LIMIT ?[0m  [["key", "environment"], ["LIMIT", 1]]
  [1m[35m (0.1ms)[0m  [1m[36mbegin transaction[0m
  [1m[35m (0.0ms)[0m  [1m[36mcommit transaction[0m
  [1m[35m (0.2ms)[0m  [1m[34mSELECT "schema_migrations"."version" FROM "schema_migrations" ORDER BY "schema_migrations"."version" ASC[0m
Started GET "/" for 127.0.0.1 at 2017-10-08 13:54:03 +0900
  [1m[35m (0.2ms)[0m  [1m[34mSELECT "schema_migrations"."version" FROM "schema_migrations" ORDER BY "schema_migrations"."version" ASC[0m
Processing by PostsController#index as HTML
  Rendering posts/index.html.erb within layouts/application
  Rendered posts/index.html.erb within layouts/application (1.8ms)
Completed 200 OK in 303ms (Views: 290.8ms | ActiveRecord: 0.0ms)


Started GET "/posts/new" for 127.0.0.1 at 2017-10-08 13:54:06 +0900
Processing by PostsController#new as HTML
  Rendering posts/new.html.erb within layouts/application
  Rendered posts/new.html.erb within layouts/application (93.2ms)
Completed 200 OK in 151ms (Views: 128.0ms | ActiveRecord: 0.8ms)


Started POST "/posts" for 127.0.0.1 at 2017-10-08 13:54:13 +0900
Processing by PostsController#create as HTML
  Parameters: {"utf8"=>"✓", "authenticity_token"=>"Nc6eRreQawBDX9V5m18LUYOC18ZRd1WAgsblIck0cFocv9oAk5LPT53gTFtKU2SE3v2WlNO4FXXFb9U8ACArJQ==", "post"=>{"image"=>#<ActionDispatch::Http::UploadedFile:0x00007fb9c46646f0 @tempfile=#<Tempfile:/var/folders/z2/3855816d4y1f1tyw5jxk07ch0000gn/T/RackMultipart20171008-72951-wg04t6.png>, @original_filename="livewire.png", @content_type="image/png", @headers="Content-Disposition: form-data; name=\"post[image]\"; filename=\"livewire.png\"\r\nContent-Type: image/png\r\n">, "caption"=>"adfasf"}, "commit"=>"Create Post"}
Command :: file -b --mime '/var/folders/z2/3855816d4y1f1tyw5jxk07ch0000gn/T/817da0674027186ca5a9c7f724fdf58220171008-72951-6y6e71.png'
Command :: identify -format '%wx%h,%[exif:orientation]' '/var/folders/z2/3855816d4y1f1tyw5jxk07ch0000gn/T/817da0674027186ca5a9c7f724fdf58220171008-72951-nwtmsh.png[0]' 2>/dev/null
Command :: identify -format %m '/var/folders/z2/3855816d4y1f1tyw5jxk07ch0000gn/T/817da0674027186ca5a9c7f724fdf58220171008-72951-nwtmsh.png[0]'
Command :: convert '/var/folders/z2/3855816d4y1f1tyw5jxk07ch0000gn/T/817da0674027186ca5a9c7f724fdf58220171008-72951-nwtmsh.png[0]' -auto-orient -resize "640" '/var/folders/z2/3855816d4y1f1tyw5jxk07ch0000gn/T/1b3e623ff4e3dc34eb84f39504b1137b20171008-72951-60nabb'
  [1m[35m (0.2ms)[0m  [1m[36mbegin transaction[0m
Command :: file -b --mime '/var/folders/z2/3855816d4y1f1tyw5jxk07ch0000gn/T/817da0674027186ca5a9c7f724fdf58220171008-72951-os5kow.png'
  [1m[35mSQL (0.9ms)[0m  [1m[32mINSERT INTO "posts" ("caption", "created_at", "updated_at", "image_file_name", "image_content_type", "image_file_size", "image_updated_at") VALUES (?, ?, ?, ?, ?, ?, ?)[0m  [["caption", "adfasf"], ["created_at", "2017-10-08 04:54:13.762057"], ["updated_at", "2017-10-08 04:54:13.762057"], ["image_file_name", "livewire.png"], ["image_content_type", "image/png"], ["image_file_size", 44672], ["image_updated_at", "2017-10-08 04:54:13.500378"]]
  [1m[35m (0.6ms)[0m  [1m[36mcommit transaction[0m
Redirected to http://localhost:3000/posts/1
Completed 302 Found in 278ms (ActiveRecord: 1.7ms)


Started GET "/posts/1" for 127.0.0.1 at 2017-10-08 13:54:13 +0900
Processing by PostsController#show as HTML
  Parameters: {"id"=>"1"}
  [1m[36mPost Load (0.2ms)[0m  [1m[34mSELECT  "posts".* FROM "posts" WHERE "posts"."id" = ? LIMIT ?[0m  [["id", 1], ["LIMIT", 1]]
  Rendering posts/show.html.erb within layouts/application
  Rendered posts/show.html.erb within layouts/application (1.1ms)
Completed 200 OK in 35ms (Views: 25.9ms | ActiveRecord: 0.2ms)


Started GET "/posts/1" for 127.0.0.1 at 2017-10-08 17:23:02 +0900
Processing by PostsController#show as HTML
  Parameters: {"id"=>"1"}
  [1m[36mPost Load (0.7ms)[0m  [1m[34mSELECT  "posts".* FROM "posts" WHERE "posts"."id" = ? LIMIT ?[0m  [["id", 1], ["LIMIT", 1]]
  Rendering posts/show.html.erb within layouts/application
  Rendered posts/show.html.erb within layouts/application (2.4ms)
Completed 200 OK in 79ms (Views: 48.4ms | ActiveRecord: 1.9ms)


Started GET "/" for 127.0.0.1 at 2017-10-08 17:23:06 +0900
Processing by PostsController#index as HTML
  Rendering posts/index.html.erb within layouts/application
  Rendered posts/index.html.erb within layouts/application (1.8ms)
Completed 200 OK in 56ms (Views: 51.8ms | ActiveRecord: 0.0ms)


Started GET "/posts/new" for 127.0.0.1 at 2017-10-08 17:23:09 +0900
Processing by PostsController#new as HTML
  Rendering posts/new.html.erb within layouts/application
  Rendered posts/new.html.erb within layouts/application (8.4ms)
Completed 200 OK in 78ms (Views: 74.8ms | ActiveRecord: 0.0ms)


Started GET "/" for 127.0.0.1 at 2017-10-08 17:42:49 +0900
Processing by PostsController#index as HTML
  Rendering posts/index.html.erb within layouts/application
  [1m[36mPost Load (0.1ms)[0m  [1m[34mSELECT "posts".* FROM "posts"[0m
  Rendered posts/index.html.erb within layouts/application (14.8ms)
Completed 200 OK in 56ms (Views: 48.6ms | ActiveRecord: 1.1ms)


Started GET "/posts/new" for 127.0.0.1 at 2017-10-08 17:42:52 +0900
Processing by PostsController#new as HTML
  Rendering posts/new.html.erb within layouts/application
  Rendered posts/new.html.erb within layouts/application (39.2ms)
Completed 200 OK in 69ms (Views: 66.4ms | ActiveRecord: 0.0ms)


Started POST "/posts" for 127.0.0.1 at 2017-10-08 17:42:55 +0900
Processing by PostsController#create as HTML
  Parameters: {"utf8"=>"✓", "authenticity_token"=>"1oSWidO1r9iWcAf+Y9fB/1mWCc/FJkDMHneZncFJ/3D/9dLP97cLl0jPntyy264qBOlInUfpADlZ3qmACF2kDw==", "post"=>{"caption"=>"lkhlkjlakdg"}, "commit"=>"Create Post"}
  [1m[35m (0.1ms)[0m  [1m[36mbegin transaction[0m
  [1m[35m (0.1ms)[0m  [1m[31mrollback transaction[0m
  [1m[35m (0.1ms)[0m  [1m[36mbegin transaction[0m
  [1m[35m (0.1ms)[0m  [1m[31mrollback transaction[0m
  Rendering posts/new.html.erb within layouts/application
  Rendered posts/new.html.erb within layouts/application (7.0ms)
Completed 200 OK in 40ms (Views: 33.0ms | ActiveRecord: 0.3ms)


Started POST "/posts" for 127.0.0.1 at 2017-10-08 17:43:00 +0900
Processing by PostsController#create as HTML
  Parameters: {"utf8"=>"✓", "authenticity_token"=>"tsBxGTC66n8n0RpaIO3Zryu9SjLpLirKg6isEEVj+I+cv01zdu1NJQXPOlZmH3loiu5V8Rd8w/RupGNzAQLexg==", "post"=>{"image"=>#<ActionDispatch::Http::UploadedFile:0x00007fb9c45e4ce8 @tempfile=#<Tempfile:/var/folders/z2/3855816d4y1f1tyw5jxk07ch0000gn/T/RackMultipart20171008-72951-8muzjf.jpg>, @original_filename="UCL_logo.jpg", @content_type="image/jpeg", @headers="Content-Disposition: form-data; name=\"post[image]\"; filename=\"UCL_logo.jpg\"\r\nContent-Type: image/jpeg\r\n">, "caption"=>"lkhlkjlakdg"}, "commit"=>"Create Post"}
Command :: file -b --mime '/var/folders/z2/3855816d4y1f1tyw5jxk07ch0000gn/T/7baf77d49526748c51ab8c3851d664ee20171008-72951-zljafs.jpg'
Command :: identify -format '%wx%h,%[exif:orientation]' '/var/folders/z2/3855816d4y1f1tyw5jxk07ch0000gn/T/7baf77d49526748c51ab8c3851d664ee20171008-72951-1g3ra41.jpg[0]' 2>/dev/null
Command :: identify -format %m '/var/folders/z2/3855816d4y1f1tyw5jxk07ch0000gn/T/7baf77d49526748c51ab8c3851d664ee20171008-72951-1g3ra41.jpg[0]'
Command :: convert '/var/folders/z2/3855816d4y1f1tyw5jxk07ch0000gn/T/7baf77d49526748c51ab8c3851d664ee20171008-72951-1g3ra41.jpg[0]' -auto-orient -resize "640" '/var/folders/z2/3855816d4y1f1tyw5jxk07ch0000gn/T/f524301674a10267924ef64a1876be1f20171008-72951-1nxrqgs'
  [1m[35m (0.1ms)[0m  [1m[36mbegin transaction[0m
Command :: file -b --mime '/var/folders/z2/3855816d4y1f1tyw5jxk07ch0000gn/T/7baf77d49526748c51ab8c3851d664ee20171008-72951-u0hkyj.jpg'
  [1m[35mSQL (0.6ms)[0m  [1m[32mINSERT INTO "posts" ("caption", "created_at", "updated_at", "image_file_name", "image_content_type", "image_file_size", "image_updated_at") VALUES (?, ?, ?, ?, ?, ?, ?)[0m  [["caption", "lkhlkjlakdg"], ["created_at", "2017-10-08 08:43:00.947761"], ["updated_at", "2017-10-08 08:43:00.947761"], ["image_file_name", "UCL_logo.jpg"], ["image_content_type", "image/jpeg"], ["image_file_size", 11582], ["image_updated_at", "2017-10-08 08:43:00.833469"]]
  [1m[35m (2.4ms)[0m  [1m[36mcommit transaction[0m
  [1m[35m (0.1ms)[0m  [1m[36mbegin transaction[0m
  [1m[35m (0.0ms)[0m  [1m[36mcommit transaction[0m
Redirected to http://localhost:3000/posts/2
Completed 302 Found in 128ms (ActiveRecord: 3.2ms)


Started GET "/posts/2" for 127.0.0.1 at 2017-10-08 17:43:00 +0900
Processing by PostsController#show as HTML
  Parameters: {"id"=>"2"}
  [1m[36mPost Load (0.3ms)[0m  [1m[34mSELECT  "posts".* FROM "posts" WHERE "posts"."id" = ? LIMIT ?[0m  [["id", 2], ["LIMIT", 1]]
  Rendering posts/show.html.erb within layouts/application
  Rendered posts/show.html.erb within layouts/application (1.1ms)
Completed 200 OK in 29ms (Views: 25.3ms | ActiveRecord: 0.3ms)


Started GET "/" for 127.0.0.1 at 2017-10-08 17:43:07 +0900
Processing by PostsController#index as HTML
  Rendering posts/index.html.erb within layouts/application
  [1m[36mPost Load (0.4ms)[0m  [1m[34mSELECT "posts".* FROM "posts"[0m
  Rendered posts/index.html.erb within layouts/application (3.3ms)
Completed 200 OK in 33ms (Views: 28.7ms | ActiveRecord: 0.4ms)


Started GET "/" for 127.0.0.1 at 2017-10-08 17:45:37 +0900
Processing by PostsController#index as HTML
  Rendering posts/index.html.erb within layouts/application
  [1m[36mPost Load (0.3ms)[0m  [1m[34mSELECT "posts".* FROM "posts"[0m
  Rendered posts/index.html.erb within layouts/application (3.6ms)
Completed 200 OK in 29ms (Views: 26.0ms | ActiveRecord: 0.3ms)


Started GET "/" for 127.0.0.1 at 2017-10-08 17:46:57 +0900
Processing by PostsController#index as HTML
  Rendering posts/index.html.erb within layouts/application
  [1m[36mPost Load (0.3ms)[0m  [1m[34mSELECT "posts".* FROM "posts"[0m
  Rendered posts/index.html.erb within layouts/application (4.8ms)
Completed 200 OK in 32ms (Views: 28.9ms | ActiveRecord: 0.3ms)


Started GET "/posts/1" for 127.0.0.1 at 2017-10-08 17:53:14 +0900
Processing by PostsController#show as HTML
  Parameters: {"id"=>"1"}
  [1m[36mPost Load (0.5ms)[0m  [1m[34mSELECT  "posts".* FROM "posts" WHERE "posts"."id" = ? LIMIT ?[0m  [["id", 1], ["LIMIT", 1]]
  Rendering posts/show.html.erb within layouts/application
  Rendered posts/show.html.erb within layouts/application (4.0ms)
Completed 200 OK in 64ms (Views: 60.1ms | ActiveRecord: 0.4ms)


Started GET "/posts/2" for 127.0.0.1 at 2017-10-08 17:53:35 +0900
Processing by PostsController#show as HTML
  Parameters: {"id"=>"2"}
  [1m[36mPost Load (0.1ms)[0m  [1m[34mSELECT  "posts".* FROM "posts" WHERE "posts"."id" = ? LIMIT ?[0m  [["id", 2], ["LIMIT", 1]]
  Rendering posts/show.html.erb within layouts/application
  Rendered posts/show.html.erb within layouts/application (2.5ms)
Completed 200 OK in 57ms (Views: 53.4ms | ActiveRecord: 0.1ms)


